<?xml version="1.0" encoding="UTF-8"?>
<testsuite xmlns:xsi="http://www.w3.org/2001/XMLSchema-instance" xsi:schemaLocation="https://maven.apache.org/surefire/maven-surefire-plugin/xsd/surefire-test-report.xsd" name="zulus.lab2.FSMTest" time="0.103" tests="58" errors="0" skipped="0" failures="0">
  <properties>
[...]
</properties>
  <testcase name="doNotMatch_mixin{String}[1]" classname="zulus.lab2.FSMTest" time="0"/>
  <testcase name="doNotMatch_mixin{String}[2]" classname="zulus.lab2.FSMTest" time="0"/>
  <testcase name="doNotMatch_mixin{String}[3]" classname="zulus.lab2.FSMTest" time="0"/>
  <testcase name="doNotMatch_emptyString" classname="zulus.lab2.FSMTest" time="0"/>
  <testcase name="throwOnNull" classname="zulus.lab2.FSMTest" time="0"/>
  <testcase name="doNotMatch_incorrectStrings{String, String}[1]" classname="zulus.lab2.FSMTest" time="0"/>
  <testcase name="doNotMatch_incorrectStrings{String, String}[2]" classname="zulus.lab2.FSMTest" time="0"/>
  <testcase name="doNotMatch_incorrectStrings{String, String}[3]" classname="zulus.lab2.FSMTest" time="0.001"/>
  <testcase name="doNotMatch_incorrectStrings{String, String}[4]" classname="zulus.lab2.FSMTest" time="0.001"/>
  <testcase name="doNotMatch_incorrectStrings{String, String}[5]" classname="zulus.lab2.FSMTest" time="0.001"/>
  <testcase name="doNotMatch_incorrectStrings{String, String}[6]" classname="zulus.lab2.FSMTest" time="0"/>
  <testcase name="doNotMatch_incorrectStrings{String, String}[7]" classname="zulus.lab2.FSMTest" time="0.001"/>
  <testcase name="doNotMatch_incorrectStrings{String, String}[8]" classname="zulus.lab2.FSMTest" time="0"/>
  <testcase name="doNotMatch_incorrectStrings{String, String}[9]" classname="zulus.lab2.FSMTest" time="0.003"/>
  <testcase name="doNotMatch_incorrectStrings{String, String}[10]" classname="zulus.lab2.FSMTest" time="0"/>
  <testcase name="doNotMatch_incorrectStrings{String, String}[11]" classname="zulus.lab2.FSMTest" time="0.001"/>
  <testcase name="doNotMatch_incorrectStrings{String, String}[12]" classname="zulus.lab2.FSMTest" time="0.001"/>
  <testcase name="doNotMatch_incorrectStrings{String, String}[13]" classname="zulus.lab2.FSMTest" time="0.001"/>
  <testcase name="doNotMatch_incorrectStrings{String, String}[14]" classname="zulus.lab2.FSMTest" time="0.001"/>
  <testcase name="doNotMatch_incorrectStrings{String, String}[15]" classname="zulus.lab2.FSMTest" time="0.001"/>
  <testcase name="doNotMatch_incorrectStrings{String, String}[16]" classname="zulus.lab2.FSMTest" time="0.003"/>
  <testcase name="doNotMatch_incorrectStrings{String, String}[17]" classname="zulus.lab2.FSMTest" time="0"/>
  <testcase name="match_alpha{String}[1]" classname="zulus.lab2.FSMTest" time="0"/>
  <testcase name="match_alpha{String}[2]" classname="zulus.lab2.FSMTest" time="0"/>
  <testcase name="match_alpha{String}[3]" classname="zulus.lab2.FSMTest" time="0.001"/>
  <testcase name="match_alpha{String}[4]" classname="zulus.lab2.FSMTest" time="0"/>
  <testcase name="match_alpha{String}[5]" classname="zulus.lab2.FSMTest" time="0.001"/>
  <testcase name="match_alpha{String}[6]" classname="zulus.lab2.FSMTest" time="0"/>
  <testcase name="match_alpha{String}[7]" classname="zulus.lab2.FSMTest" time="0.001"/>
  <testcase name="match_alpha{String}[8]" classname="zulus.lab2.FSMTest" time="0"/>
  <testcase name="match_alpha{String}[9]" classname="zulus.lab2.FSMTest" time="0"/>
  <testcase name="match_alpha{String}[10]" classname="zulus.lab2.FSMTest" time="0.001"/>
  <testcase name="match_alpha{String}[11]" classname="zulus.lab2.FSMTest" time="0"/>
  <testcase name="match_alpha{String}[12]" classname="zulus.lab2.FSMTest" time="0"/>
  <testcase name="match_alpha{String}[13]" classname="zulus.lab2.FSMTest" time="0"/>
  <testcase name="match_alpha{String}[14]" classname="zulus.lab2.FSMTest" time="0"/>
  <testcase name="match_alpha{String}[15]" classname="zulus.lab2.FSMTest" time="0"/>
  <testcase name="match_alpha{String}[16]" classname="zulus.lab2.FSMTest" time="0.001"/>
  <testcase name="match_alpha{String}[17]" classname="zulus.lab2.FSMTest" time="0"/>
  <testcase name="match_alpha{String}[18]" classname="zulus.lab2.FSMTest" time="0"/>
  <testcase name="match_alpha{String}[19]" classname="zulus.lab2.FSMTest" time="0"/>
  <testcase name="match_alpha{String}[20]" classname="zulus.lab2.FSMTest" time="0"/>
  <testcase name="match_alpha{String}[21]" classname="zulus.lab2.FSMTest" time="0"/>
  <testcase name="match_alpha{String}[22]" classname="zulus.lab2.FSMTest" time="0.001"/>
  <testcase name="match_alpha{String}[23]" classname="zulus.lab2.FSMTest" time="0"/>
  <testcase name="match_alpha{String}[24]" classname="zulus.lab2.FSMTest" time="0"/>
  <testcase name="match_alpha{String}[25]" classname="zulus.lab2.FSMTest" time="0.005"/>
  <testcase name="match_alpha{String}[26]" classname="zulus.lab2.FSMTest" time="0"/>
  <testcase name="match_digit{String}[1]" classname="zulus.lab2.FSMTest" time="0"/>
  <testcase name="match_digit{String}[2]" classname="zulus.lab2.FSMTest" time="0"/>
  <testcase name="match_digit{String}[3]" classname="zulus.lab2.FSMTest" time="0"/>
  <testcase name="match_digit{String}[4]" classname="zulus.lab2.FSMTest" time="0.001"/>
  <testcase name="match_digit{String}[5]" classname="zulus.lab2.FSMTest" time="0"/>
  <testcase name="match_digit{String}[6]" classname="zulus.lab2.FSMTest" time="0.001"/>
  <testcase name="match_digit{String}[7]" classname="zulus.lab2.FSMTest" time="0"/>
  <testcase name="match_digit{String}[8]" classname="zulus.lab2.FSMTest" time="0.001"/>
  <testcase name="match_digit{String}[9]" classname="zulus.lab2.FSMTest" time="0"/>
  <testcase name="match_digit{String}[10]" classname="zulus.lab2.FSMTest" time="0"/>
</testsuite>